

Started GET "/css/style.css?v=2" for 127.0.0.1 at 2011-01-29 19:45:26 -0500

ActionController::RoutingError (No route matches "/css/style.css"):
  

Rendered /home/bentley/.rvm/gems/ruby-1.9.2-p136@rails/gems/actionpack-3.0.3/lib/action_dispatch/middleware/templates/rescues/routing_error.erb within rescues/layout (1.2ms)


Started GET "/css/fonts.css" for 127.0.0.1 at 2011-01-29 19:45:26 -0500

ActionController::RoutingError (No route matches "/css/fonts.css"):
  

Rendered /home/bentley/.rvm/gems/ruby-1.9.2-p136@rails/gems/actionpack-3.0.3/lib/action_dispatch/middleware/templates/rescues/routing_error.erb within rescues/layout (1.2ms)


Started GET "/js/libs/modernizr-1.6.min.js" for 127.0.0.1 at 2011-01-29 19:45:26 -0500

ActionController::RoutingError (No route matches "/js/libs/modernizr-1.6.min.js"):
  

Rendered /home/bentley/.rvm/gems/ruby-1.9.2-p136@rails/gems/actionpack-3.0.3/lib/action_dispatch/middleware/templates/rescues/routing_error.erb within rescues/layout (1.1ms)


Started GET "/js/script.js" for 127.0.0.1 at 2011-01-29 19:45:26 -0500

ActionController::RoutingError (No route matches "/js/script.js"):
  

Rendered /home/bentley/.rvm/gems/ruby-1.9.2-p136@rails/gems/actionpack-3.0.3/lib/action_dispatch/middleware/templates/rescues/routing_error.erb within rescues/layout (1.3ms)


Started GET "/js/plugins.js" for 127.0.0.1 at 2011-01-29 19:45:26 -0500

ActionController::RoutingError (No route matches "/js/plugins.js"):
  

Rendered /home/bentley/.rvm/gems/ruby-1.9.2-p136@rails/gems/actionpack-3.0.3/lib/action_dispatch/middleware/templates/rescues/routing_error.erb within rescues/layout (1.1ms)


Started GET "/js/mylibs/script.js" for 127.0.0.1 at 2011-01-29 19:45:26 -0500

ActionController::RoutingError (No route matches "/js/mylibs/script.js"):
  

Rendered /home/bentley/.rvm/gems/ruby-1.9.2-p136@rails/gems/actionpack-3.0.3/lib/action_dispatch/middleware/templates/rescues/routing_error.erb within rescues/layout (1.1ms)


Started GET "/js/mylibs/boxshadow.js" for 127.0.0.1 at 2011-01-29 19:45:26 -0500

ActionController::RoutingError (No route matches "/js/mylibs/boxshadow.js"):
  

Rendered /home/bentley/.rvm/gems/ruby-1.9.2-p136@rails/gems/actionpack-3.0.3/lib/action_dispatch/middleware/templates/rescues/routing_error.erb within rescues/layout (1.2ms)


Started GET "/js/mylibs/gradients.js" for 127.0.0.1 at 2011-01-29 19:45:26 -0500

ActionController::RoutingError (No route matches "/js/mylibs/gradients.js"):
  

Rendered /home/bentley/.rvm/gems/ruby-1.9.2-p136@rails/gems/actionpack-3.0.3/lib/action_dispatch/middleware/templates/rescues/routing_error.erb within rescues/layout (1.1ms)


Started GET "/js/mylibs/radius.js" for 127.0.0.1 at 2011-01-29 19:45:26 -0500

ActionController::RoutingError (No route matches "/js/mylibs/radius.js"):
  

Rendered /home/bentley/.rvm/gems/ruby-1.9.2-p136@rails/gems/actionpack-3.0.3/lib/action_dispatch/middleware/templates/rescues/routing_error.erb within rescues/layout (1.2ms)


Started GET "/js/plugins.js" for 127.0.0.1 at 2011-01-29 19:45:26 -0500

ActionController::RoutingError (No route matches "/js/plugins.js"):
  

Rendered /home/bentley/.rvm/gems/ruby-1.9.2-p136@rails/gems/actionpack-3.0.3/lib/action_dispatch/middleware/templates/rescues/routing_error.erb within rescues/layout (1.0ms)


Started GET "/js/script.js" for 127.0.0.1 at 2011-01-29 19:45:26 -0500

ActionController::RoutingError (No route matches "/js/script.js"):
  

Rendered /home/bentley/.rvm/gems/ruby-1.9.2-p136@rails/gems/actionpack-3.0.3/lib/action_dispatch/middleware/templates/rescues/routing_error.erb within rescues/layout (1.3ms)


Started GET "/js/mylibs/script.js" for 127.0.0.1 at 2011-01-29 19:45:26 -0500

ActionController::RoutingError (No route matches "/js/mylibs/script.js"):
  

Rendered /home/bentley/.rvm/gems/ruby-1.9.2-p136@rails/gems/actionpack-3.0.3/lib/action_dispatch/middleware/templates/rescues/routing_error.erb within rescues/layout (1.2ms)


Started GET "/js/mylibs/boxshadow.js" for 127.0.0.1 at 2011-01-29 19:45:26 -0500

ActionController::RoutingError (No route matches "/js/mylibs/boxshadow.js"):
  

Rendered /home/bentley/.rvm/gems/ruby-1.9.2-p136@rails/gems/actionpack-3.0.3/lib/action_dispatch/middleware/templates/rescues/routing_error.erb within rescues/layout (1.1ms)


Started GET "/js/mylibs/gradients.js" for 127.0.0.1 at 2011-01-29 19:45:26 -0500

ActionController::RoutingError (No route matches "/js/mylibs/gradients.js"):
  

Rendered /home/bentley/.rvm/gems/ruby-1.9.2-p136@rails/gems/actionpack-3.0.3/lib/action_dispatch/middleware/templates/rescues/routing_error.erb within rescues/layout (1.0ms)


Started GET "/js/mylibs/radius.js" for 127.0.0.1 at 2011-01-29 19:45:27 -0500

ActionController::RoutingError (No route matches "/js/mylibs/radius.js"):
  

Rendered /home/bentley/.rvm/gems/ruby-1.9.2-p136@rails/gems/actionpack-3.0.3/lib/action_dispatch/middleware/templates/rescues/routing_error.erb within rescues/layout (1.2ms)


Started GET "/" for 127.0.0.1 at 2011-01-30 00:28:10 -0500

ActionController::RoutingError (uninitialized constant WelcomeController):
  

Rendered /home/bentley/.rvm/gems/ruby-1.9.2-p136@rails/gems/actionpack-3.0.3/lib/action_dispatch/middleware/templates/rescues/routing_error.erb within rescues/layout (1.2ms)


Started GET "/" for 127.0.0.1 at 2011-01-30 00:29:04 -0500

ActionController::RoutingError (uninitialized constant WelcomeController):
  

Rendered /home/bentley/.rvm/gems/ruby-1.9.2-p136@rails/gems/actionpack-3.0.3/lib/action_dispatch/middleware/templates/rescues/routing_error.erb within rescues/layout (1.1ms)


Started GET "/" for 127.0.0.1 at 2011-01-30 00:29:05 -0500

ActionController::RoutingError (uninitialized constant WelcomeController):
  

Rendered /home/bentley/.rvm/gems/ruby-1.9.2-p136@rails/gems/actionpack-3.0.3/lib/action_dispatch/middleware/templates/rescues/routing_error.erb within rescues/layout (1.1ms)


Started GET "/" for 127.0.0.1 at 2011-01-30 00:29:06 -0500

ActionController::RoutingError (uninitialized constant WelcomeController):
  

Rendered /home/bentley/.rvm/gems/ruby-1.9.2-p136@rails/gems/actionpack-3.0.3/lib/action_dispatch/middleware/templates/rescues/routing_error.erb within rescues/layout (1.7ms)


Started GET "/" for 127.0.0.1 at 2011-01-30 14:53:44 -0500

ActionController::RoutingError (uninitialized constant WelcomeController):
  

Rendered /home/bentley/.rvm/gems/ruby-1.9.2-p136@rails/gems/actionpack-3.0.3/lib/action_dispatch/middleware/templates/rescues/routing_error.erb within rescues/layout (37.0ms)


Started GET "/" for 127.0.0.1 at 2011-01-30 14:54:49 -0500
  Processing by WelcomeController#index as HTML
Rendered welcome/index.html within layouts/application (1.3ms)
Completed 200 OK in 38ms (Views: 37.6ms | ActiveRecord: 0.0ms)


Started GET "/css/style.css?v=2" for 127.0.0.1 at 2011-01-30 14:54:49 -0500

ActionController::RoutingError (No route matches "/css/style.css"):
  

Rendered /home/bentley/.rvm/gems/ruby-1.9.2-p136@rails/gems/actionpack-3.0.3/lib/action_dispatch/middleware/templates/rescues/routing_error.erb within rescues/layout (1.2ms)


Started GET "/css/fonts.css" for 127.0.0.1 at 2011-01-30 14:54:49 -0500

ActionController::RoutingError (No route matches "/css/fonts.css"):
  

Rendered /home/bentley/.rvm/gems/ruby-1.9.2-p136@rails/gems/actionpack-3.0.3/lib/action_dispatch/middleware/templates/rescues/routing_error.erb within rescues/layout (1.2ms)


Started GET "/js/libs/modernizr-1.6.min.js" for 127.0.0.1 at 2011-01-30 14:54:49 -0500

ActionController::RoutingError (No route matches "/js/libs/modernizr-1.6.min.js"):
  

Rendered /home/bentley/.rvm/gems/ruby-1.9.2-p136@rails/gems/actionpack-3.0.3/lib/action_dispatch/middleware/templates/rescues/routing_error.erb within rescues/layout (1.3ms)


Started GET "/images/logo.png" for 127.0.0.1 at 2011-01-30 14:54:49 -0500

ActionController::RoutingError (No route matches "/images/logo.png"):
  

Rendered /home/bentley/.rvm/gems/ruby-1.9.2-p136@rails/gems/actionpack-3.0.3/lib/action_dispatch/middleware/templates/rescues/routing_error.erb within rescues/layout (1.1ms)


Started GET "/js/script.js" for 127.0.0.1 at 2011-01-30 14:54:49 -0500

ActionController::RoutingError (No route matches "/js/script.js"):
  

Rendered /home/bentley/.rvm/gems/ruby-1.9.2-p136@rails/gems/actionpack-3.0.3/lib/action_dispatch/middleware/templates/rescues/routing_error.erb within rescues/layout (1.1ms)


Started GET "/js/plugins.js" for 127.0.0.1 at 2011-01-30 14:54:49 -0500

ActionController::RoutingError (No route matches "/js/plugins.js"):
  

Rendered /home/bentley/.rvm/gems/ruby-1.9.2-p136@rails/gems/actionpack-3.0.3/lib/action_dispatch/middleware/templates/rescues/routing_error.erb within rescues/layout (1.3ms)


Started GET "/js/mylibs/script.js" for 127.0.0.1 at 2011-01-30 14:54:49 -0500

ActionController::RoutingError (No route matches "/js/mylibs/script.js"):
  

Rendered /home/bentley/.rvm/gems/ruby-1.9.2-p136@rails/gems/actionpack-3.0.3/lib/action_dispatch/middleware/templates/rescues/routing_error.erb within rescues/layout (1.1ms)


Started GET "/js/mylibs/boxshadow.js" for 127.0.0.1 at 2011-01-30 14:54:49 -0500

ActionController::RoutingError (No route matches "/js/mylibs/boxshadow.js"):
  

Rendered /home/bentley/.rvm/gems/ruby-1.9.2-p136@rails/gems/actionpack-3.0.3/lib/action_dispatch/middleware/templates/rescues/routing_error.erb within rescues/layout (1.4ms)


Started GET "/js/mylibs/gradients.js" for 127.0.0.1 at 2011-01-30 14:54:49 -0500

ActionController::RoutingError (No route matches "/js/mylibs/gradients.js"):
  

Rendered /home/bentley/.rvm/gems/ruby-1.9.2-p136@rails/gems/actionpack-3.0.3/lib/action_dispatch/middleware/templates/rescues/routing_error.erb within rescues/layout (1.2ms)


Started GET "/js/mylibs/radius.js" for 127.0.0.1 at 2011-01-30 14:54:49 -0500

ActionController::RoutingError (No route matches "/js/mylibs/radius.js"):
  

Rendered /home/bentley/.rvm/gems/ruby-1.9.2-p136@rails/gems/actionpack-3.0.3/lib/action_dispatch/middleware/templates/rescues/routing_error.erb within rescues/layout (1.2ms)


Started GET "/css/style.css?v=2" for 127.0.0.1 at 2011-01-30 14:54:49 -0500

ActionController::RoutingError (No route matches "/css/style.css"):
  

Rendered /home/bentley/.rvm/gems/ruby-1.9.2-p136@rails/gems/actionpack-3.0.3/lib/action_dispatch/middleware/templates/rescues/routing_error.erb within rescues/layout (1.3ms)


Started GET "/css/fonts.css" for 127.0.0.1 at 2011-01-30 14:54:49 -0500

ActionController::RoutingError (No route matches "/css/fonts.css"):
  

Rendered /home/bentley/.rvm/gems/ruby-1.9.2-p136@rails/gems/actionpack-3.0.3/lib/action_dispatch/middleware/templates/rescues/routing_error.erb within rescues/layout (1.1ms)


Started GET "/js/libs/modernizr-1.6.min.js" for 127.0.0.1 at 2011-01-30 14:54:49 -0500

ActionController::RoutingError (No route matches "/js/libs/modernizr-1.6.min.js"):
  

Rendered /home/bentley/.rvm/gems/ruby-1.9.2-p136@rails/gems/actionpack-3.0.3/lib/action_dispatch/middleware/templates/rescues/routing_error.erb within rescues/layout (1.2ms)


Started GET "/images/logo.png" for 127.0.0.1 at 2011-01-30 14:54:49 -0500

ActionController::RoutingError (No route matches "/images/logo.png"):
  

Rendered /home/bentley/.rvm/gems/ruby-1.9.2-p136@rails/gems/actionpack-3.0.3/lib/action_dispatch/middleware/templates/rescues/routing_error.erb within rescues/layout (1.0ms)


Started GET "/js/plugins.js" for 127.0.0.1 at 2011-01-30 14:54:49 -0500

ActionController::RoutingError (No route matches "/js/plugins.js"):
  

Rendered /home/bentley/.rvm/gems/ruby-1.9.2-p136@rails/gems/actionpack-3.0.3/lib/action_dispatch/middleware/templates/rescues/routing_error.erb within rescues/layout (1.0ms)


Started GET "/js/script.js" for 127.0.0.1 at 2011-01-30 14:54:49 -0500

ActionController::RoutingError (No route matches "/js/script.js"):
  

Rendered /home/bentley/.rvm/gems/ruby-1.9.2-p136@rails/gems/actionpack-3.0.3/lib/action_dispatch/middleware/templates/rescues/routing_error.erb within rescues/layout (1.2ms)


Started GET "/js/mylibs/script.js" for 127.0.0.1 at 2011-01-30 14:54:49 -0500

ActionController::RoutingError (No route matches "/js/mylibs/script.js"):
  

Rendered /home/bentley/.rvm/gems/ruby-1.9.2-p136@rails/gems/actionpack-3.0.3/lib/action_dispatch/middleware/templates/rescues/routing_error.erb within rescues/layout (1.4ms)


Started GET "/js/mylibs/boxshadow.js" for 127.0.0.1 at 2011-01-30 14:54:49 -0500

ActionController::RoutingError (No route matches "/js/mylibs/boxshadow.js"):
  

Rendered /home/bentley/.rvm/gems/ruby-1.9.2-p136@rails/gems/actionpack-3.0.3/lib/action_dispatch/middleware/templates/rescues/routing_error.erb within rescues/layout (1.3ms)


Started GET "/js/mylibs/gradients.js" for 127.0.0.1 at 2011-01-30 14:54:49 -0500

ActionController::RoutingError (No route matches "/js/mylibs/gradients.js"):
  

Rendered /home/bentley/.rvm/gems/ruby-1.9.2-p136@rails/gems/actionpack-3.0.3/lib/action_dispatch/middleware/templates/rescues/routing_error.erb within rescues/layout (1.2ms)


Started GET "/js/mylibs/radius.js" for 127.0.0.1 at 2011-01-30 14:54:49 -0500

ActionController::RoutingError (No route matches "/js/mylibs/radius.js"):
  

Rendered /home/bentley/.rvm/gems/ruby-1.9.2-p136@rails/gems/actionpack-3.0.3/lib/action_dispatch/middleware/templates/rescues/routing_error.erb within rescues/layout (1.1ms)


Started GET "/js/plugins.js" for 127.0.0.1 at 2011-01-30 14:54:50 -0500

ActionController::RoutingError (No route matches "/js/plugins.js"):
  

Rendered /home/bentley/.rvm/gems/ruby-1.9.2-p136@rails/gems/actionpack-3.0.3/lib/action_dispatch/middleware/templates/rescues/routing_error.erb within rescues/layout (1.1ms)


Started GET "/js/script.js" for 127.0.0.1 at 2011-01-30 14:54:50 -0500

ActionController::RoutingError (No route matches "/js/script.js"):
  

Rendered /home/bentley/.rvm/gems/ruby-1.9.2-p136@rails/gems/actionpack-3.0.3/lib/action_dispatch/middleware/templates/rescues/routing_error.erb within rescues/layout (1.1ms)


Started GET "/js/mylibs/script.js" for 127.0.0.1 at 2011-01-30 14:54:50 -0500

ActionController::RoutingError (No route matches "/js/mylibs/script.js"):
  

Rendered /home/bentley/.rvm/gems/ruby-1.9.2-p136@rails/gems/actionpack-3.0.3/lib/action_dispatch/middleware/templates/rescues/routing_error.erb within rescues/layout (1.3ms)


Started GET "/js/mylibs/boxshadow.js" for 127.0.0.1 at 2011-01-30 14:54:50 -0500

ActionController::RoutingError (No route matches "/js/mylibs/boxshadow.js"):
  

Rendered /home/bentley/.rvm/gems/ruby-1.9.2-p136@rails/gems/actionpack-3.0.3/lib/action_dispatch/middleware/templates/rescues/routing_error.erb within rescues/layout (1.0ms)


Started GET "/js/mylibs/gradients.js" for 127.0.0.1 at 2011-01-30 14:54:50 -0500

ActionController::RoutingError (No route matches "/js/mylibs/gradients.js"):
  

Rendered /home/bentley/.rvm/gems/ruby-1.9.2-p136@rails/gems/actionpack-3.0.3/lib/action_dispatch/middleware/templates/rescues/routing_error.erb within rescues/layout (1.0ms)


Started GET "/js/mylibs/radius.js" for 127.0.0.1 at 2011-01-30 14:54:50 -0500

ActionController::RoutingError (No route matches "/js/mylibs/radius.js"):
  

Rendered /home/bentley/.rvm/gems/ruby-1.9.2-p136@rails/gems/actionpack-3.0.3/lib/action_dispatch/middleware/templates/rescues/routing_error.erb within rescues/layout (1.1ms)


Started GET "/" for 127.0.0.1 at 2011-01-30 14:58:37 -0500
  Processing by WelcomeController#index as HTML
Rendered welcome/index.html within layouts/application (1.3ms)
Completed 200 OK in 6ms (Views: 5.7ms | ActiveRecord: 0.0ms)


Started GET "/css/style.css?v=2" for 127.0.0.1 at 2011-01-30 14:58:37 -0500

ActionController::RoutingError (No route matches "/css/style.css"):
  

Rendered /home/bentley/.rvm/gems/ruby-1.9.2-p136@rails/gems/actionpack-3.0.3/lib/action_dispatch/middleware/templates/rescues/routing_error.erb within rescues/layout (1.3ms)


Started GET "/js/libs/modernizr-1.6.min.js" for 127.0.0.1 at 2011-01-30 14:58:37 -0500

ActionController::RoutingError (No route matches "/js/libs/modernizr-1.6.min.js"):
  

Rendered /home/bentley/.rvm/gems/ruby-1.9.2-p136@rails/gems/actionpack-3.0.3/lib/action_dispatch/middleware/templates/rescues/routing_error.erb within rescues/layout (1.1ms)


Started GET "/css/fonts.css" for 127.0.0.1 at 2011-01-30 14:58:37 -0500

ActionController::RoutingError (No route matches "/css/fonts.css"):
  

Rendered /home/bentley/.rvm/gems/ruby-1.9.2-p136@rails/gems/actionpack-3.0.3/lib/action_dispatch/middleware/templates/rescues/routing_error.erb within rescues/layout (1.2ms)


Started GET "/css/style.css?v=2" for 127.0.0.1 at 2011-01-30 14:58:37 -0500

ActionController::RoutingError (No route matches "/css/style.css"):
  

Rendered /home/bentley/.rvm/gems/ruby-1.9.2-p136@rails/gems/actionpack-3.0.3/lib/action_dispatch/middleware/templates/rescues/routing_error.erb within rescues/layout (1.1ms)


Started GET "/images/logo.png" for 127.0.0.1 at 2011-01-30 14:58:37 -0500

ActionController::RoutingError (No route matches "/images/logo.png"):
  

Rendered /home/bentley/.rvm/gems/ruby-1.9.2-p136@rails/gems/actionpack-3.0.3/lib/action_dispatch/middleware/templates/rescues/routing_error.erb within rescues/layout (1.3ms)


Started GET "/js/plugins.js" for 127.0.0.1 at 2011-01-30 14:58:37 -0500

ActionController::RoutingError (No route matches "/js/plugins.js"):
  

Rendered /home/bentley/.rvm/gems/ruby-1.9.2-p136@rails/gems/actionpack-3.0.3/lib/action_dispatch/middleware/templates/rescues/routing_error.erb within rescues/layout (1.2ms)


Started GET "/js/script.js" for 127.0.0.1 at 2011-01-30 14:58:37 -0500

ActionController::RoutingError (No route matches "/js/script.js"):
  

Rendered /home/bentley/.rvm/gems/ruby-1.9.2-p136@rails/gems/actionpack-3.0.3/lib/action_dispatch/middleware/templates/rescues/routing_error.erb within rescues/layout (1.2ms)


Started GET "/js/mylibs/gradients.js" for 127.0.0.1 at 2011-01-30 14:58:37 -0500

ActionController::RoutingError (No route matches "/js/mylibs/gradients.js"):
  

Rendered /home/bentley/.rvm/gems/ruby-1.9.2-p136@rails/gems/actionpack-3.0.3/lib/action_dispatch/middleware/templates/rescues/routing_error.erb within rescues/layout (1.3ms)


Started GET "/js/mylibs/boxshadow.js" for 127.0.0.1 at 2011-01-30 14:58:37 -0500

ActionController::RoutingError (No route matches "/js/mylibs/boxshadow.js"):
  

Rendered /home/bentley/.rvm/gems/ruby-1.9.2-p136@rails/gems/actionpack-3.0.3/lib/action_dispatch/middleware/templates/rescues/routing_error.erb within rescues/layout (1.3ms)


Started GET "/js/mylibs/script.js" for 127.0.0.1 at 2011-01-30 14:58:37 -0500

ActionController::RoutingError (No route matches "/js/mylibs/script.js"):
  

Rendered /home/bentley/.rvm/gems/ruby-1.9.2-p136@rails/gems/actionpack-3.0.3/lib/action_dispatch/middleware/templates/rescues/routing_error.erb within rescues/layout (1.2ms)


Started GET "/js/mylibs/radius.js" for 127.0.0.1 at 2011-01-30 14:58:37 -0500

ActionController::RoutingError (No route matches "/js/mylibs/radius.js"):
  

Rendered /home/bentley/.rvm/gems/ruby-1.9.2-p136@rails/gems/actionpack-3.0.3/lib/action_dispatch/middleware/templates/rescues/routing_error.erb within rescues/layout (1.2ms)


Started GET "/js/libs/modernizr-1.6.min.js" for 127.0.0.1 at 2011-01-30 14:58:37 -0500

ActionController::RoutingError (No route matches "/js/libs/modernizr-1.6.min.js"):
  

Rendered /home/bentley/.rvm/gems/ruby-1.9.2-p136@rails/gems/actionpack-3.0.3/lib/action_dispatch/middleware/templates/rescues/routing_error.erb within rescues/layout (1.2ms)


Started GET "/images/logo.png" for 127.0.0.1 at 2011-01-30 14:58:37 -0500

ActionController::RoutingError (No route matches "/images/logo.png"):
  

Rendered /home/bentley/.rvm/gems/ruby-1.9.2-p136@rails/gems/actionpack-3.0.3/lib/action_dispatch/middleware/templates/rescues/routing_error.erb within rescues/layout (1.1ms)


Started GET "/js/plugins.js" for 127.0.0.1 at 2011-01-30 14:58:37 -0500

ActionController::RoutingError (No route matches "/js/plugins.js"):
  

Rendered /home/bentley/.rvm/gems/ruby-1.9.2-p136@rails/gems/actionpack-3.0.3/lib/action_dispatch/middleware/templates/rescues/routing_error.erb within rescues/layout (1.2ms)


Started GET "/js/script.js" for 127.0.0.1 at 2011-01-30 14:58:37 -0500

ActionController::RoutingError (No route matches "/js/script.js"):
  

Rendered /home/bentley/.rvm/gems/ruby-1.9.2-p136@rails/gems/actionpack-3.0.3/lib/action_dispatch/middleware/templates/rescues/routing_error.erb within rescues/layout (1.2ms)


Started GET "/js/plugins.js" for 127.0.0.1 at 2011-01-30 14:58:38 -0500

ActionController::RoutingError (No route matches "/js/plugins.js"):
  

Rendered /home/bentley/.rvm/gems/ruby-1.9.2-p136@rails/gems/actionpack-3.0.3/lib/action_dispatch/middleware/templates/rescues/routing_error.erb within rescues/layout (1.0ms)


Started GET "/js/script.js" for 127.0.0.1 at 2011-01-30 14:58:38 -0500

ActionController::RoutingError (No route matches "/js/script.js"):
  

Rendered /home/bentley/.rvm/gems/ruby-1.9.2-p136@rails/gems/actionpack-3.0.3/lib/action_dispatch/middleware/templates/rescues/routing_error.erb within rescues/layout (1.2ms)


Started GET "/js/mylibs/script.js" for 127.0.0.1 at 2011-01-30 14:58:38 -0500

ActionController::RoutingError (No route matches "/js/mylibs/script.js"):
  

Rendered /home/bentley/.rvm/gems/ruby-1.9.2-p136@rails/gems/actionpack-3.0.3/lib/action_dispatch/middleware/templates/rescues/routing_error.erb within rescues/layout (1.0ms)


Started GET "/js/mylibs/boxshadow.js" for 127.0.0.1 at 2011-01-30 14:58:38 -0500

ActionController::RoutingError (No route matches "/js/mylibs/boxshadow.js"):
  

Rendered /home/bentley/.rvm/gems/ruby-1.9.2-p136@rails/gems/actionpack-3.0.3/lib/action_dispatch/middleware/templates/rescues/routing_error.erb within rescues/layout (1.0ms)


Started GET "/js/mylibs/gradients.js" for 127.0.0.1 at 2011-01-30 14:58:38 -0500

ActionController::RoutingError (No route matches "/js/mylibs/gradients.js"):
  

Rendered /home/bentley/.rvm/gems/ruby-1.9.2-p136@rails/gems/actionpack-3.0.3/lib/action_dispatch/middleware/templates/rescues/routing_error.erb within rescues/layout (1.0ms)


Started GET "/js/mylibs/radius.js" for 127.0.0.1 at 2011-01-30 14:58:38 -0500

ActionController::RoutingError (No route matches "/js/mylibs/radius.js"):
  

Rendered /home/bentley/.rvm/gems/ruby-1.9.2-p136@rails/gems/actionpack-3.0.3/lib/action_dispatch/middleware/templates/rescues/routing_error.erb within rescues/layout (1.3ms)


Started GET "/" for 127.0.0.1 at 2011-01-30 14:59:58 -0500
  Processing by WelcomeController#index as HTML
Rendered welcome/index.html within layouts/application (33.5ms)
Completed 200 OK in 39ms (Views: 38.0ms | ActiveRecord: 0.0ms)


Started GET "/css/style.css?v=2" for 127.0.0.1 at 2011-01-30 14:59:58 -0500

ActionController::RoutingError (No route matches "/css/style.css"):
  

Rendered /home/bentley/.rvm/gems/ruby-1.9.2-p136@rails/gems/actionpack-3.0.3/lib/action_dispatch/middleware/templates/rescues/routing_error.erb within rescues/layout (1.2ms)


Started GET "/css/fonts.css" for 127.0.0.1 at 2011-01-30 14:59:58 -0500

ActionController::RoutingError (No route matches "/css/fonts.css"):
  

Rendered /home/bentley/.rvm/gems/ruby-1.9.2-p136@rails/gems/actionpack-3.0.3/lib/action_dispatch/middleware/templates/rescues/routing_error.erb within rescues/layout (1.3ms)


Started GET "/js/libs/modernizr-1.6.min.js" for 127.0.0.1 at 2011-01-30 14:59:58 -0500

ActionController::RoutingError (No route matches "/js/libs/modernizr-1.6.min.js"):
  

Rendered /home/bentley/.rvm/gems/ruby-1.9.2-p136@rails/gems/actionpack-3.0.3/lib/action_dispatch/middleware/templates/rescues/routing_error.erb within rescues/layout (1.3ms)


Started GET "/images/logo.png" for 127.0.0.1 at 2011-01-30 14:59:58 -0500

ActionController::RoutingError (No route matches "/images/logo.png"):
  

Rendered /home/bentley/.rvm/gems/ruby-1.9.2-p136@rails/gems/actionpack-3.0.3/lib/action_dispatch/middleware/templates/rescues/routing_error.erb within rescues/layout (1.3ms)


Started GET "/js/plugins.js" for 127.0.0.1 at 2011-01-30 14:59:58 -0500

ActionController::RoutingError (No route matches "/js/plugins.js"):
  

Rendered /home/bentley/.rvm/gems/ruby-1.9.2-p136@rails/gems/actionpack-3.0.3/lib/action_dispatch/middleware/templates/rescues/routing_error.erb within rescues/layout (1.2ms)


Started GET "/js/script.js" for 127.0.0.1 at 2011-01-30 14:59:58 -0500

ActionController::RoutingError (No route matches "/js/script.js"):
  

Rendered /home/bentley/.rvm/gems/ruby-1.9.2-p136@rails/gems/actionpack-3.0.3/lib/action_dispatch/middleware/templates/rescues/routing_error.erb within rescues/layout (1.2ms)


Started GET "/js/mylibs/boxshadow.js" for 127.0.0.1 at 2011-01-30 14:59:58 -0500

ActionController::RoutingError (No route matches "/js/mylibs/boxshadow.js"):
  

Rendered /home/bentley/.rvm/gems/ruby-1.9.2-p136@rails/gems/actionpack-3.0.3/lib/action_dispatch/middleware/templates/rescues/routing_error.erb within rescues/layout (1.2ms)


Started GET "/js/mylibs/script.js" for 127.0.0.1 at 2011-01-30 14:59:58 -0500

ActionController::RoutingError (No route matches "/js/mylibs/script.js"):
  

Rendered /home/bentley/.rvm/gems/ruby-1.9.2-p136@rails/gems/actionpack-3.0.3/lib/action_dispatch/middleware/templates/rescues/routing_error.erb within rescues/layout (1.3ms)


Started GET "/js/mylibs/gradients.js" for 127.0.0.1 at 2011-01-30 14:59:58 -0500

ActionController::RoutingError (No route matches "/js/mylibs/gradients.js"):
  

Rendered /home/bentley/.rvm/gems/ruby-1.9.2-p136@rails/gems/actionpack-3.0.3/lib/action_dispatch/middleware/templates/rescues/routing_error.erb within rescues/layout (1.1ms)


Started GET "/js/mylibs/radius.js" for 127.0.0.1 at 2011-01-30 14:59:58 -0500

ActionController::RoutingError (No route matches "/js/mylibs/radius.js"):
  

Rendered /home/bentley/.rvm/gems/ruby-1.9.2-p136@rails/gems/actionpack-3.0.3/lib/action_dispatch/middleware/templates/rescues/routing_error.erb within rescues/layout (1.2ms)


Started GET "/js/libs/modernizr-1.6.min.js" for 127.0.0.1 at 2011-01-30 14:59:58 -0500

ActionController::RoutingError (No route matches "/js/libs/modernizr-1.6.min.js"):
  

Rendered /home/bentley/.rvm/gems/ruby-1.9.2-p136@rails/gems/actionpack-3.0.3/lib/action_dispatch/middleware/templates/rescues/routing_error.erb within rescues/layout (1.3ms)


Started GET "/images/logo.png" for 127.0.0.1 at 2011-01-30 14:59:58 -0500

ActionController::RoutingError (No route matches "/images/logo.png"):
  

Rendered /home/bentley/.rvm/gems/ruby-1.9.2-p136@rails/gems/actionpack-3.0.3/lib/action_dispatch/middleware/templates/rescues/routing_error.erb within rescues/layout (1.1ms)


Started GET "/js/plugins.js" for 127.0.0.1 at 2011-01-30 14:59:58 -0500

ActionController::RoutingError (No route matches "/js/plugins.js"):
  

Rendered /home/bentley/.rvm/gems/ruby-1.9.2-p136@rails/gems/actionpack-3.0.3/lib/action_dispatch/middleware/templates/rescues/routing_error.erb within rescues/layout (1.1ms)


Started GET "/js/script.js" for 127.0.0.1 at 2011-01-30 14:59:58 -0500

ActionController::RoutingError (No route matches "/js/script.js"):
  

Rendered /home/bentley/.rvm/gems/ruby-1.9.2-p136@rails/gems/actionpack-3.0.3/lib/action_dispatch/middleware/templates/rescues/routing_error.erb within rescues/layout (1.2ms)


Started GET "/js/plugins.js" for 127.0.0.1 at 2011-01-30 14:59:59 -0500

ActionController::RoutingError (No route matches "/js/plugins.js"):
  

Rendered /home/bentley/.rvm/gems/ruby-1.9.2-p136@rails/gems/actionpack-3.0.3/lib/action_dispatch/middleware/templates/rescues/routing_error.erb within rescues/layout (1.1ms)


Started GET "/js/script.js" for 127.0.0.1 at 2011-01-30 14:59:59 -0500

ActionController::RoutingError (No route matches "/js/script.js"):
  

Rendered /home/bentley/.rvm/gems/ruby-1.9.2-p136@rails/gems/actionpack-3.0.3/lib/action_dispatch/middleware/templates/rescues/routing_error.erb within rescues/layout (1.1ms)


Started GET "/js/mylibs/script.js" for 127.0.0.1 at 2011-01-30 14:59:59 -0500

ActionController::RoutingError (No route matches "/js/mylibs/script.js"):
  

Rendered /home/bentley/.rvm/gems/ruby-1.9.2-p136@rails/gems/actionpack-3.0.3/lib/action_dispatch/middleware/templates/rescues/routing_error.erb within rescues/layout (1.0ms)


Started GET "/js/mylibs/boxshadow.js" for 127.0.0.1 at 2011-01-30 14:59:59 -0500

ActionController::RoutingError (No route matches "/js/mylibs/boxshadow.js"):
  

Rendered /home/bentley/.rvm/gems/ruby-1.9.2-p136@rails/gems/actionpack-3.0.3/lib/action_dispatch/middleware/templates/rescues/routing_error.erb within rescues/layout (1.1ms)


Started GET "/js/mylibs/gradients.js" for 127.0.0.1 at 2011-01-30 14:59:59 -0500

ActionController::RoutingError (No route matches "/js/mylibs/gradients.js"):
  

Rendered /home/bentley/.rvm/gems/ruby-1.9.2-p136@rails/gems/actionpack-3.0.3/lib/action_dispatch/middleware/templates/rescues/routing_error.erb within rescues/layout (1.4ms)


Started GET "/js/mylibs/radius.js" for 127.0.0.1 at 2011-01-30 14:59:59 -0500

ActionController::RoutingError (No route matches "/js/mylibs/radius.js"):
  

Rendered /home/bentley/.rvm/gems/ruby-1.9.2-p136@rails/gems/actionpack-3.0.3/lib/action_dispatch/middleware/templates/rescues/routing_error.erb within rescues/layout (1.2ms)


Started GET "/" for 127.0.0.1 at 2011-01-30 15:01:23 -0500
  Processing by WelcomeController#index as HTML
Rendered welcome/index.html within layouts/application (0.9ms)
Completed 200 OK in 5ms (Views: 4.6ms | ActiveRecord: 0.0ms)


Started GET "/css/style.css?v=2" for 127.0.0.1 at 2011-01-30 15:01:23 -0500

ActionController::RoutingError (No route matches "/css/style.css"):
  

Rendered /home/bentley/.rvm/gems/ruby-1.9.2-p136@rails/gems/actionpack-3.0.3/lib/action_dispatch/middleware/templates/rescues/routing_error.erb within rescues/layout (1.2ms)


Started GET "/css/fonts.css" for 127.0.0.1 at 2011-01-30 15:01:23 -0500

ActionController::RoutingError (No route matches "/css/fonts.css"):
  

Rendered /home/bentley/.rvm/gems/ruby-1.9.2-p136@rails/gems/actionpack-3.0.3/lib/action_dispatch/middleware/templates/rescues/routing_error.erb within rescues/layout (1.1ms)


Started GET "/js/libs/modernizr-1.6.min.js" for 127.0.0.1 at 2011-01-30 15:01:23 -0500

ActionController::RoutingError (No route matches "/js/libs/modernizr-1.6.min.js"):
  

Rendered /home/bentley/.rvm/gems/ruby-1.9.2-p136@rails/gems/actionpack-3.0.3/lib/action_dispatch/middleware/templates/rescues/routing_error.erb within rescues/layout (1.1ms)


Started GET "/images/logo.png" for 127.0.0.1 at 2011-01-30 15:01:23 -0500

ActionController::RoutingError (No route matches "/images/logo.png"):
  

Rendered /home/bentley/.rvm/gems/ruby-1.9.2-p136@rails/gems/actionpack-3.0.3/lib/action_dispatch/middleware/templates/rescues/routing_error.erb within rescues/layout (1.2ms)


Started GET "/js/script.js" for 127.0.0.1 at 2011-01-30 15:01:23 -0500

ActionController::RoutingError (No route matches "/js/script.js"):
  

Rendered /home/bentley/.rvm/gems/ruby-1.9.2-p136@rails/gems/actionpack-3.0.3/lib/action_dispatch/middleware/templates/rescues/routing_error.erb within rescues/layout (1.1ms)


Started GET "/js/plugins.js" for 127.0.0.1 at 2011-01-30 15:01:23 -0500

ActionController::RoutingError (No route matches "/js/plugins.js"):
  

Rendered /home/bentley/.rvm/gems/ruby-1.9.2-p136@rails/gems/actionpack-3.0.3/lib/action_dispatch/middleware/templates/rescues/routing_error.erb within rescues/layout (1.3ms)


Started GET "/js/mylibs/script.js" for 127.0.0.1 at 2011-01-30 15:01:23 -0500

ActionController::RoutingError (No route matches "/js/mylibs/script.js"):
  

Rendered /home/bentley/.rvm/gems/ruby-1.9.2-p136@rails/gems/actionpack-3.0.3/lib/action_dispatch/middleware/templates/rescues/routing_error.erb within rescues/layout (1.4ms)


Started GET "/js/mylibs/gradients.js" for 127.0.0.1 at 2011-01-30 15:01:23 -0500

ActionController::RoutingError (No route matches "/js/mylibs/gradients.js"):
  

Rendered /home/bentley/.rvm/gems/ruby-1.9.2-p136@rails/gems/actionpack-3.0.3/lib/action_dispatch/middleware/templates/rescues/routing_error.erb within rescues/layout (1.2ms)


Started GET "/js/mylibs/boxshadow.js" for 127.0.0.1 at 2011-01-30 15:01:23 -0500

ActionController::RoutingError (No route matches "/js/mylibs/boxshadow.js"):
  

Rendered /home/bentley/.rvm/gems/ruby-1.9.2-p136@rails/gems/actionpack-3.0.3/lib/action_dispatch/middleware/templates/rescues/routing_error.erb within rescues/layout (1.1ms)


Started GET "/js/mylibs/radius.js" for 127.0.0.1 at 2011-01-30 15:01:23 -0500

ActionController::RoutingError (No route matches "/js/mylibs/radius.js"):
  

Rendered /home/bentley/.rvm/gems/ruby-1.9.2-p136@rails/gems/actionpack-3.0.3/lib/action_dispatch/middleware/templates/rescues/routing_error.erb within rescues/layout (1.2ms)


Started GET "/js/plugins.js" for 127.0.0.1 at 2011-01-30 15:01:23 -0500

ActionController::RoutingError (No route matches "/js/plugins.js"):
  

Rendered /home/bentley/.rvm/gems/ruby-1.9.2-p136@rails/gems/actionpack-3.0.3/lib/action_dispatch/middleware/templates/rescues/routing_error.erb within rescues/layout (1.1ms)


Started GET "/js/script.js" for 127.0.0.1 at 2011-01-30 15:01:23 -0500

ActionController::RoutingError (No route matches "/js/script.js"):
  

Rendered /home/bentley/.rvm/gems/ruby-1.9.2-p136@rails/gems/actionpack-3.0.3/lib/action_dispatch/middleware/templates/rescues/routing_error.erb within rescues/layout (1.3ms)


Started GET "/js/mylibs/script.js" for 127.0.0.1 at 2011-01-30 15:01:23 -0500

ActionController::RoutingError (No route matches "/js/mylibs/script.js"):
  

Rendered /home/bentley/.rvm/gems/ruby-1.9.2-p136@rails/gems/actionpack-3.0.3/lib/action_dispatch/middleware/templates/rescues/routing_error.erb within rescues/layout (1.2ms)


Started GET "/js/mylibs/boxshadow.js" for 127.0.0.1 at 2011-01-30 15:01:23 -0500

ActionController::RoutingError (No route matches "/js/mylibs/boxshadow.js"):
  

Rendered /home/bentley/.rvm/gems/ruby-1.9.2-p136@rails/gems/actionpack-3.0.3/lib/action_dispatch/middleware/templates/rescues/routing_error.erb within rescues/layout (1.2ms)


Started GET "/js/mylibs/gradients.js" for 127.0.0.1 at 2011-01-30 15:01:23 -0500

ActionController::RoutingError (No route matches "/js/mylibs/gradients.js"):
  

Rendered /home/bentley/.rvm/gems/ruby-1.9.2-p136@rails/gems/actionpack-3.0.3/lib/action_dispatch/middleware/templates/rescues/routing_error.erb within rescues/layout (1.1ms)


Started GET "/js/mylibs/radius.js" for 127.0.0.1 at 2011-01-30 15:01:23 -0500

ActionController::RoutingError (No route matches "/js/mylibs/radius.js"):
  

Rendered /home/bentley/.rvm/gems/ruby-1.9.2-p136@rails/gems/actionpack-3.0.3/lib/action_dispatch/middleware/templates/rescues/routing_error.erb within rescues/layout (1.1ms)


Started GET "/images/logo.png" for 127.0.0.1 at 2011-01-30 15:01:31 -0500

ActionController::RoutingError (No route matches "/images/logo.png"):
  

Rendered /home/bentley/.rvm/gems/ruby-1.9.2-p136@rails/gems/actionpack-3.0.3/lib/action_dispatch/middleware/templates/rescues/routing_error.erb within rescues/layout (1.3ms)


Started GET "/" for 127.0.0.1 at 2011-01-30 15:03:32 -0500
  Processing by WelcomeController#index as HTML
Rendered welcome/index.html within layouts/application (1.2ms)
Completed 200 OK in 6ms (Views: 5.6ms | ActiveRecord: 0.0ms)


Started GET "/css/style.css?v=2" for 127.0.0.1 at 2011-01-30 15:03:32 -0500

ActionController::RoutingError (No route matches "/css/style.css"):
  

Rendered /home/bentley/.rvm/gems/ruby-1.9.2-p136@rails/gems/actionpack-3.0.3/lib/action_dispatch/middleware/templates/rescues/routing_error.erb within rescues/layout (1.2ms)


Started GET "/css/fonts.css" for 127.0.0.1 at 2011-01-30 15:03:32 -0500

ActionController::RoutingError (No route matches "/css/fonts.css"):
  

Rendered /home/bentley/.rvm/gems/ruby-1.9.2-p136@rails/gems/actionpack-3.0.3/lib/action_dispatch/middleware/templates/rescues/routing_error.erb within rescues/layout (1.2ms)


Started GET "/js/libs/modernizr-1.6.min.js" for 127.0.0.1 at 2011-01-30 15:03:32 -0500

ActionController::RoutingError (No route matches "/js/libs/modernizr-1.6.min.js"):
  

Rendered /home/bentley/.rvm/gems/ruby-1.9.2-p136@rails/gems/actionpack-3.0.3/lib/action_dispatch/middleware/templates/rescues/routing_error.erb within rescues/layout (1.3ms)


Started GET "/js/plugins.js" for 127.0.0.1 at 2011-01-30 15:03:32 -0500

ActionController::RoutingError (No route matches "/js/plugins.js"):
  

Rendered /home/bentley/.rvm/gems/ruby-1.9.2-p136@rails/gems/actionpack-3.0.3/lib/action_dispatch/middleware/templates/rescues/routing_error.erb within rescues/layout (1.3ms)


Started GET "/js/mylibs/script.js" for 127.0.0.1 at 2011-01-30 15:03:32 -0500

ActionController::RoutingError (No route matches "/js/mylibs/script.js"):
  

Rendered /home/bentley/.rvm/gems/ruby-1.9.2-p136@rails/gems/actionpack-3.0.3/lib/action_dispatch/middleware/templates/rescues/routing_error.erb within rescues/layout (1.2ms)


Started GET "/js/script.js" for 127.0.0.1 at 2011-01-30 15:03:32 -0500

ActionController::RoutingError (No route matches "/js/script.js"):
  

Rendered /home/bentley/.rvm/gems/ruby-1.9.2-p136@rails/gems/actionpack-3.0.3/lib/action_dispatch/middleware/templates/rescues/routing_error.erb within rescues/layout (1.2ms)


Started GET "/js/mylibs/boxshadow.js" for 127.0.0.1 at 2011-01-30 15:03:32 -0500

ActionController::RoutingError (No route matches "/js/mylibs/boxshadow.js"):
  

Rendered /home/bentley/.rvm/gems/ruby-1.9.2-p136@rails/gems/actionpack-3.0.3/lib/action_dispatch/middleware/templates/rescues/routing_error.erb within rescues/layout (1.3ms)


Started GET "/js/mylibs/radius.js" for 127.0.0.1 at 2011-01-30 15:03:32 -0500

ActionController::RoutingError (No route matches "/js/mylibs/radius.js"):
  

Rendered /home/bentley/.rvm/gems/ruby-1.9.2-p136@rails/gems/actionpack-3.0.3/lib/action_dispatch/middleware/templates/rescues/routing_error.erb within rescues/layout (1.3ms)


Started GET "/js/mylibs/gradients.js" for 127.0.0.1 at 2011-01-30 15:03:32 -0500

ActionController::RoutingError (No route matches "/js/mylibs/gradients.js"):
  

Rendered /home/bentley/.rvm/gems/ruby-1.9.2-p136@rails/gems/actionpack-3.0.3/lib/action_dispatch/middleware/templates/rescues/routing_error.erb within rescues/layout (1.2ms)


Started GET "/js/plugins.js" for 127.0.0.1 at 2011-01-30 15:03:32 -0500

ActionController::RoutingError (No route matches "/js/plugins.js"):
  

Rendered /home/bentley/.rvm/gems/ruby-1.9.2-p136@rails/gems/actionpack-3.0.3/lib/action_dispatch/middleware/templates/rescues/routing_error.erb within rescues/layout (2.5ms)


Started GET "/js/script.js" for 127.0.0.1 at 2011-01-30 15:03:32 -0500

ActionController::RoutingError (No route matches "/js/script.js"):
  

Rendered /home/bentley/.rvm/gems/ruby-1.9.2-p136@rails/gems/actionpack-3.0.3/lib/action_dispatch/middleware/templates/rescues/routing_error.erb within rescues/layout (1.0ms)


Started GET "/js/mylibs/script.js" for 127.0.0.1 at 2011-01-30 15:03:32 -0500

ActionController::RoutingError (No route matches "/js/mylibs/script.js"):
  

Rendered /home/bentley/.rvm/gems/ruby-1.9.2-p136@rails/gems/actionpack-3.0.3/lib/action_dispatch/middleware/templates/rescues/routing_error.erb within rescues/layout (1.1ms)


Started GET "/js/mylibs/boxshadow.js" for 127.0.0.1 at 2011-01-30 15:03:32 -0500

ActionController::RoutingError (No route matches "/js/mylibs/boxshadow.js"):
  

Rendered /home/bentley/.rvm/gems/ruby-1.9.2-p136@rails/gems/actionpack-3.0.3/lib/action_dispatch/middleware/templates/rescues/routing_error.erb within rescues/layout (1.1ms)


Started GET "/js/mylibs/gradients.js" for 127.0.0.1 at 2011-01-30 15:03:32 -0500

ActionController::RoutingError (No route matches "/js/mylibs/gradients.js"):
  

Rendered /home/bentley/.rvm/gems/ruby-1.9.2-p136@rails/gems/actionpack-3.0.3/lib/action_dispatch/middleware/templates/rescues/routing_error.erb within rescues/layout (1.0ms)


Started GET "/js/mylibs/radius.js" for 127.0.0.1 at 2011-01-30 15:03:32 -0500

ActionController::RoutingError (No route matches "/js/mylibs/radius.js"):
  

Rendered /home/bentley/.rvm/gems/ruby-1.9.2-p136@rails/gems/actionpack-3.0.3/lib/action_dispatch/middleware/templates/rescues/routing_error.erb within rescues/layout (1.0ms)


Started GET "/" for 127.0.0.1 at 2011-01-30 15:05:50 -0500
  Processing by WelcomeController#index as HTML
Rendered welcome/index.html within layouts/application (1.1ms)
Completed 200 OK in 6ms (Views: 5.3ms | ActiveRecord: 0.0ms)


Started GET "/css/style.css?v=2" for 127.0.0.1 at 2011-01-30 15:05:50 -0500

ActionController::RoutingError (No route matches "/css/style.css"):
  

Rendered /home/bentley/.rvm/gems/ruby-1.9.2-p136@rails/gems/actionpack-3.0.3/lib/action_dispatch/middleware/templates/rescues/routing_error.erb within rescues/layout (1.2ms)


Started GET "/css/fonts.css" for 127.0.0.1 at 2011-01-30 15:05:50 -0500

ActionController::RoutingError (No route matches "/css/fonts.css"):
  

Rendered /home/bentley/.rvm/gems/ruby-1.9.2-p136@rails/gems/actionpack-3.0.3/lib/action_dispatch/middleware/templates/rescues/routing_error.erb within rescues/layout (1.2ms)


Started GET "/js/libs/modernizr-1.6.min.js" for 127.0.0.1 at 2011-01-30 15:05:50 -0500

ActionController::RoutingError (No route matches "/js/libs/modernizr-1.6.min.js"):
  

Rendered /home/bentley/.rvm/gems/ruby-1.9.2-p136@rails/gems/actionpack-3.0.3/lib/action_dispatch/middleware/templates/rescues/routing_error.erb within rescues/layout (1.2ms)


Started GET "/javascripts/gradients.js" for 127.0.0.1 at 2011-01-30 15:05:50 -0500

ActionController::RoutingError (No route matches "/javascripts/gradients.js"):
  

Rendered /home/bentley/.rvm/gems/ruby-1.9.2-p136@rails/gems/actionpack-3.0.3/lib/action_dispatch/middleware/templates/rescues/routing_error.erb within rescues/layout (1.3ms)


Started GET "/javascripts/radius.js" for 127.0.0.1 at 2011-01-30 15:05:50 -0500

ActionController::RoutingError (No route matches "/javascripts/radius.js"):
  

Rendered /home/bentley/.rvm/gems/ruby-1.9.2-p136@rails/gems/actionpack-3.0.3/lib/action_dispatch/middleware/templates/rescues/routing_error.erb within rescues/layout (1.2ms)


Started GET "/javascripts/boxshadow.js" for 127.0.0.1 at 2011-01-30 15:05:50 -0500

ActionController::RoutingError (No route matches "/javascripts/boxshadow.js"):
  

Rendered /home/bentley/.rvm/gems/ruby-1.9.2-p136@rails/gems/actionpack-3.0.3/lib/action_dispatch/middleware/templates/rescues/routing_error.erb within rescues/layout (1.4ms)


Started GET "/javascripts/boxshadow.js" for 127.0.0.1 at 2011-01-30 15:05:50 -0500

ActionController::RoutingError (No route matches "/javascripts/boxshadow.js"):
  

Rendered /home/bentley/.rvm/gems/ruby-1.9.2-p136@rails/gems/actionpack-3.0.3/lib/action_dispatch/middleware/templates/rescues/routing_error.erb within rescues/layout (1.0ms)


Started GET "/javascripts/gradients.js" for 127.0.0.1 at 2011-01-30 15:05:50 -0500

ActionController::RoutingError (No route matches "/javascripts/gradients.js"):
  

Rendered /home/bentley/.rvm/gems/ruby-1.9.2-p136@rails/gems/actionpack-3.0.3/lib/action_dispatch/middleware/templates/rescues/routing_error.erb within rescues/layout (1.1ms)


Started GET "/javascripts/radius.js" for 127.0.0.1 at 2011-01-30 15:05:50 -0500

ActionController::RoutingError (No route matches "/javascripts/radius.js"):
  

Rendered /home/bentley/.rvm/gems/ruby-1.9.2-p136@rails/gems/actionpack-3.0.3/lib/action_dispatch/middleware/templates/rescues/routing_error.erb within rescues/layout (1.2ms)
