

Started GET "/" for 127.0.0.1 at 2011-01-30 21:02:57 -0500
  Processing by WelcomeController#index as HTML
Rendered welcome/index.html within layouts/application (11.6ms)
Completed 200 OK in 17ms (Views: 16.4ms | ActiveRecord: 0.0ms)


Started GET "/stylesheets/images/wallpaper.jpg" for 127.0.0.1 at 2011-01-30 21:02:58 -0500

ActionController::RoutingError (No route matches "/stylesheets/images/wallpaper.jpg"):
  

Rendered /home/bentley/.rvm/gems/ruby-1.9.2-p136@rails/gems/actionpack-3.0.3/lib/action_dispatch/middleware/templates/rescues/routing_error.erb within rescues/layout (1.2ms)


Started GET "/stylesheets/compiled/fonts/ptsans/PTSans.woff" for 127.0.0.1 at 2011-01-30 21:02:58 -0500

ActionController::RoutingError (No route matches "/stylesheets/compiled/fonts/ptsans/PTSans.woff"):
  

Rendered /home/bentley/.rvm/gems/ruby-1.9.2-p136@rails/gems/actionpack-3.0.3/lib/action_dispatch/middleware/templates/rescues/routing_error.erb within rescues/layout (2.0ms)


Started GET "/stylesheets/compiled/fonts/ptsans/PTSansBold.woff" for 127.0.0.1 at 2011-01-30 21:02:58 -0500

ActionController::RoutingError (No route matches "/stylesheets/compiled/fonts/ptsans/PTSansBold.woff"):
  

Rendered /home/bentley/.rvm/gems/ruby-1.9.2-p136@rails/gems/actionpack-3.0.3/lib/action_dispatch/middleware/templates/rescues/routing_error.erb within rescues/layout (5.7ms)


Started GET "/stylesheets/compiled/fonts/ptsans/PTSans.ttf" for 127.0.0.1 at 2011-01-30 21:02:58 -0500

ActionController::RoutingError (No route matches "/stylesheets/compiled/fonts/ptsans/PTSans.ttf"):
  

Rendered /home/bentley/.rvm/gems/ruby-1.9.2-p136@rails/gems/actionpack-3.0.3/lib/action_dispatch/middleware/templates/rescues/routing_error.erb within rescues/layout (1.2ms)


Started GET "/stylesheets/compiled/fonts/ptsans/PTSansBold.ttf" for 127.0.0.1 at 2011-01-30 21:02:58 -0500

ActionController::RoutingError (No route matches "/stylesheets/compiled/fonts/ptsans/PTSansBold.ttf"):
  

Rendered /home/bentley/.rvm/gems/ruby-1.9.2-p136@rails/gems/actionpack-3.0.3/lib/action_dispatch/middleware/templates/rescues/routing_error.erb within rescues/layout (1.3ms)


Started GET "/" for 127.0.0.1 at 2011-01-30 21:25:02 -0500
  Processing by WelcomeController#index as HTML
Rendered welcome/index.html within layouts/application (12.8ms)
Completed 200 OK in 18ms (Views: 17.7ms | ActiveRecord: 0.0ms)


Started GET "/stylesheets/images/wallpaper.jpg" for 127.0.0.1 at 2011-01-30 21:25:03 -0500

ActionController::RoutingError (No route matches "/stylesheets/images/wallpaper.jpg"):
  

Rendered /home/bentley/.rvm/gems/ruby-1.9.2-p136@rails/gems/actionpack-3.0.3/lib/action_dispatch/middleware/templates/rescues/routing_error.erb within rescues/layout (5.1ms)


Started GET "/stylesheets/compiled/fonts/ptsans/PTSans.woff" for 127.0.0.1 at 2011-01-30 21:25:03 -0500

ActionController::RoutingError (No route matches "/stylesheets/compiled/fonts/ptsans/PTSans.woff"):
  

Rendered /home/bentley/.rvm/gems/ruby-1.9.2-p136@rails/gems/actionpack-3.0.3/lib/action_dispatch/middleware/templates/rescues/routing_error.erb within rescues/layout (1.5ms)


Started GET "/stylesheets/compiled/fonts/ptsans/PTSansBold.woff" for 127.0.0.1 at 2011-01-30 21:25:03 -0500

ActionController::RoutingError (No route matches "/stylesheets/compiled/fonts/ptsans/PTSansBold.woff"):
  

Rendered /home/bentley/.rvm/gems/ruby-1.9.2-p136@rails/gems/actionpack-3.0.3/lib/action_dispatch/middleware/templates/rescues/routing_error.erb within rescues/layout (1.3ms)


Started GET "/stylesheets/compiled/fonts/ptsans/PTSans.ttf" for 127.0.0.1 at 2011-01-30 21:25:03 -0500

ActionController::RoutingError (No route matches "/stylesheets/compiled/fonts/ptsans/PTSans.ttf"):
  

Rendered /home/bentley/.rvm/gems/ruby-1.9.2-p136@rails/gems/actionpack-3.0.3/lib/action_dispatch/middleware/templates/rescues/routing_error.erb within rescues/layout (1.3ms)


Started GET "/stylesheets/compiled/fonts/ptsans/PTSansBold.ttf" for 127.0.0.1 at 2011-01-30 21:25:03 -0500

ActionController::RoutingError (No route matches "/stylesheets/compiled/fonts/ptsans/PTSansBold.ttf"):
  

Rendered /home/bentley/.rvm/gems/ruby-1.9.2-p136@rails/gems/actionpack-3.0.3/lib/action_dispatch/middleware/templates/rescues/routing_error.erb within rescues/layout (1.3ms)


Started GET "/" for 127.0.0.1 at 2011-01-30 21:25:32 -0500
  Processing by WelcomeController#index as HTML
Rendered welcome/index.html within layouts/application (1.1ms)
Completed 200 OK in 2ms (Views: 2.0ms | ActiveRecord: 0.0ms)


Started GET "/stylesheets/images/wallpaper.jpg" for 127.0.0.1 at 2011-01-30 21:25:33 -0500

ActionController::RoutingError (No route matches "/stylesheets/images/wallpaper.jpg"):
  

Rendered /home/bentley/.rvm/gems/ruby-1.9.2-p136@rails/gems/actionpack-3.0.3/lib/action_dispatch/middleware/templates/rescues/routing_error.erb within rescues/layout (1.2ms)


Started GET "/stylesheets/compiled/fonts/ptsans/PTSans.woff" for 127.0.0.1 at 2011-01-30 21:25:33 -0500

ActionController::RoutingError (No route matches "/stylesheets/compiled/fonts/ptsans/PTSans.woff"):
  

Rendered /home/bentley/.rvm/gems/ruby-1.9.2-p136@rails/gems/actionpack-3.0.3/lib/action_dispatch/middleware/templates/rescues/routing_error.erb within rescues/layout (1.3ms)


Started GET "/stylesheets/compiled/fonts/ptsans/PTSansBold.woff" for 127.0.0.1 at 2011-01-30 21:25:33 -0500

ActionController::RoutingError (No route matches "/stylesheets/compiled/fonts/ptsans/PTSansBold.woff"):
  

Rendered /home/bentley/.rvm/gems/ruby-1.9.2-p136@rails/gems/actionpack-3.0.3/lib/action_dispatch/middleware/templates/rescues/routing_error.erb within rescues/layout (1.4ms)


Started GET "/stylesheets/compiled/fonts/ptsans/PTSans.ttf" for 127.0.0.1 at 2011-01-30 21:25:33 -0500

ActionController::RoutingError (No route matches "/stylesheets/compiled/fonts/ptsans/PTSans.ttf"):
  

Rendered /home/bentley/.rvm/gems/ruby-1.9.2-p136@rails/gems/actionpack-3.0.3/lib/action_dispatch/middleware/templates/rescues/routing_error.erb within rescues/layout (1.3ms)


Started GET "/stylesheets/compiled/fonts/ptsans/PTSansBold.ttf" for 127.0.0.1 at 2011-01-30 21:25:33 -0500

ActionController::RoutingError (No route matches "/stylesheets/compiled/fonts/ptsans/PTSansBold.ttf"):
  

Rendered /home/bentley/.rvm/gems/ruby-1.9.2-p136@rails/gems/actionpack-3.0.3/lib/action_dispatch/middleware/templates/rescues/routing_error.erb within rescues/layout (1.2ms)


Started GET "/fonts" for 127.0.0.1 at 2011-01-30 21:26:49 -0500

ActionController::RoutingError (No route matches "/fonts"):
  

Rendered /home/bentley/.rvm/gems/ruby-1.9.2-p136@rails/gems/actionpack-3.0.3/lib/action_dispatch/middleware/templates/rescues/routing_error.erb within rescues/layout (1.4ms)


Started GET "/fonts/" for 127.0.0.1 at 2011-01-30 21:26:53 -0500

ActionController::RoutingError (No route matches "/fonts"):
  

Rendered /home/bentley/.rvm/gems/ruby-1.9.2-p136@rails/gems/actionpack-3.0.3/lib/action_dispatch/middleware/templates/rescues/routing_error.erb within rescues/layout (1.4ms)


Started GET "/fonts/" for 127.0.0.1 at 2011-01-30 21:37:21 -0500

ActionController::RoutingError (No route matches "/fonts"):
  

Rendered /home/bentley/.rvm/gems/ruby-1.9.2-p136@rails/gems/actionpack-3.0.3/lib/action_dispatch/middleware/templates/rescues/routing_error.erb within rescues/layout (1.8ms)


Started GET "/" for 127.0.0.1 at 2011-01-30 21:37:26 -0500
  Processing by WelcomeController#index as HTML
Rendered welcome/index.html within layouts/application (1.0ms)
Completed 200 OK in 2ms (Views: 1.8ms | ActiveRecord: 0.0ms)


Started GET "/stylesheets/images/wallpaper.jpg" for 127.0.0.1 at 2011-01-30 21:37:26 -0500

ActionController::RoutingError (No route matches "/stylesheets/images/wallpaper.jpg"):
  

Rendered /home/bentley/.rvm/gems/ruby-1.9.2-p136@rails/gems/actionpack-3.0.3/lib/action_dispatch/middleware/templates/rescues/routing_error.erb within rescues/layout (1.3ms)


Started GET "/stylesheets/compiled/fonts/ptsans/PTSans.woff" for 127.0.0.1 at 2011-01-30 21:37:26 -0500

ActionController::RoutingError (No route matches "/stylesheets/compiled/fonts/ptsans/PTSans.woff"):
  

Rendered /home/bentley/.rvm/gems/ruby-1.9.2-p136@rails/gems/actionpack-3.0.3/lib/action_dispatch/middleware/templates/rescues/routing_error.erb within rescues/layout (1.6ms)


Started GET "/stylesheets/compiled/fonts/ptsans/PTSansBold.woff" for 127.0.0.1 at 2011-01-30 21:37:26 -0500

ActionController::RoutingError (No route matches "/stylesheets/compiled/fonts/ptsans/PTSansBold.woff"):
  

Rendered /home/bentley/.rvm/gems/ruby-1.9.2-p136@rails/gems/actionpack-3.0.3/lib/action_dispatch/middleware/templates/rescues/routing_error.erb within rescues/layout (1.4ms)


Started GET "/stylesheets/compiled/fonts/ptsans/PTSans.ttf" for 127.0.0.1 at 2011-01-30 21:37:26 -0500

ActionController::RoutingError (No route matches "/stylesheets/compiled/fonts/ptsans/PTSans.ttf"):
  

Rendered /home/bentley/.rvm/gems/ruby-1.9.2-p136@rails/gems/actionpack-3.0.3/lib/action_dispatch/middleware/templates/rescues/routing_error.erb within rescues/layout (1.1ms)


Started GET "/stylesheets/compiled/fonts/ptsans/PTSansBold.ttf" for 127.0.0.1 at 2011-01-30 21:37:26 -0500

ActionController::RoutingError (No route matches "/stylesheets/compiled/fonts/ptsans/PTSansBold.ttf"):
  

Rendered /home/bentley/.rvm/gems/ruby-1.9.2-p136@rails/gems/actionpack-3.0.3/lib/action_dispatch/middleware/templates/rescues/routing_error.erb within rescues/layout (1.6ms)


Started GET "/" for 127.0.0.1 at 2011-01-30 21:37:43 -0500
  Processing by WelcomeController#index as HTML
Rendered welcome/index.html within layouts/application (1.2ms)
Completed 200 OK in 2ms (Views: 2.0ms | ActiveRecord: 0.0ms)


Started GET "/stylesheets/images/wallpaper.jpg" for 127.0.0.1 at 2011-01-30 21:37:43 -0500

ActionController::RoutingError (No route matches "/stylesheets/images/wallpaper.jpg"):
  

Rendered /home/bentley/.rvm/gems/ruby-1.9.2-p136@rails/gems/actionpack-3.0.3/lib/action_dispatch/middleware/templates/rescues/routing_error.erb within rescues/layout (1.2ms)


Started GET "/stylesheets/compiled/fonts/ptsans/PTSans.woff" for 127.0.0.1 at 2011-01-30 21:37:43 -0500

ActionController::RoutingError (No route matches "/stylesheets/compiled/fonts/ptsans/PTSans.woff"):
  

Rendered /home/bentley/.rvm/gems/ruby-1.9.2-p136@rails/gems/actionpack-3.0.3/lib/action_dispatch/middleware/templates/rescues/routing_error.erb within rescues/layout (1.1ms)


Started GET "/stylesheets/compiled/fonts/ptsans/PTSansBold.woff" for 127.0.0.1 at 2011-01-30 21:37:43 -0500

ActionController::RoutingError (No route matches "/stylesheets/compiled/fonts/ptsans/PTSansBold.woff"):
  

Rendered /home/bentley/.rvm/gems/ruby-1.9.2-p136@rails/gems/actionpack-3.0.3/lib/action_dispatch/middleware/templates/rescues/routing_error.erb within rescues/layout (1.9ms)


Started GET "/stylesheets/compiled/fonts/ptsans/PTSans.ttf" for 127.0.0.1 at 2011-01-30 21:37:43 -0500

ActionController::RoutingError (No route matches "/stylesheets/compiled/fonts/ptsans/PTSans.ttf"):
  

Rendered /home/bentley/.rvm/gems/ruby-1.9.2-p136@rails/gems/actionpack-3.0.3/lib/action_dispatch/middleware/templates/rescues/routing_error.erb within rescues/layout (1.2ms)


Started GET "/stylesheets/compiled/fonts/ptsans/PTSansBold.ttf" for 127.0.0.1 at 2011-01-30 21:37:43 -0500

ActionController::RoutingError (No route matches "/stylesheets/compiled/fonts/ptsans/PTSansBold.ttf"):
  

Rendered /home/bentley/.rvm/gems/ruby-1.9.2-p136@rails/gems/actionpack-3.0.3/lib/action_dispatch/middleware/templates/rescues/routing_error.erb within rescues/layout (1.3ms)


Started GET "/" for 127.0.0.1 at 2011-01-30 21:42:40 -0500
  Processing by WelcomeController#index as HTML
Rendered welcome/index.html within layouts/application (11.4ms)
Completed 200 OK in 16ms (Views: 15.6ms | ActiveRecord: 0.0ms)


Started GET "/stylesheets/images/wallpaper.jpg" for 127.0.0.1 at 2011-01-30 21:42:41 -0500

ActionController::RoutingError (No route matches "/stylesheets/images/wallpaper.jpg"):
  

Rendered /home/bentley/.rvm/gems/ruby-1.9.2-p136@rails/gems/actionpack-3.0.3/lib/action_dispatch/middleware/templates/rescues/routing_error.erb within rescues/layout (1.4ms)


Started GET "/stylesheets/compiled/fonts/ptsans/PTSans.woff" for 127.0.0.1 at 2011-01-30 21:42:41 -0500

ActionController::RoutingError (No route matches "/stylesheets/compiled/fonts/ptsans/PTSans.woff"):
  

Rendered /home/bentley/.rvm/gems/ruby-1.9.2-p136@rails/gems/actionpack-3.0.3/lib/action_dispatch/middleware/templates/rescues/routing_error.erb within rescues/layout (1.4ms)


Started GET "/stylesheets/compiled/fonts/ptsans/PTSansBold.woff" for 127.0.0.1 at 2011-01-30 21:42:41 -0500

ActionController::RoutingError (No route matches "/stylesheets/compiled/fonts/ptsans/PTSansBold.woff"):
  

Rendered /home/bentley/.rvm/gems/ruby-1.9.2-p136@rails/gems/actionpack-3.0.3/lib/action_dispatch/middleware/templates/rescues/routing_error.erb within rescues/layout (1.2ms)


Started GET "/stylesheets/compiled/fonts/ptsans/PTSans.ttf" for 127.0.0.1 at 2011-01-30 21:42:41 -0500

ActionController::RoutingError (No route matches "/stylesheets/compiled/fonts/ptsans/PTSans.ttf"):
  

Rendered /home/bentley/.rvm/gems/ruby-1.9.2-p136@rails/gems/actionpack-3.0.3/lib/action_dispatch/middleware/templates/rescues/routing_error.erb within rescues/layout (2.0ms)


Started GET "/stylesheets/compiled/fonts/ptsans/PTSansBold.ttf" for 127.0.0.1 at 2011-01-30 21:42:41 -0500

ActionController::RoutingError (No route matches "/stylesheets/compiled/fonts/ptsans/PTSansBold.ttf"):
  

Rendered /home/bentley/.rvm/gems/ruby-1.9.2-p136@rails/gems/actionpack-3.0.3/lib/action_dispatch/middleware/templates/rescues/routing_error.erb within rescues/layout (1.8ms)


Started GET "/" for 127.0.0.1 at 2011-01-30 21:43:27 -0500
  Processing by WelcomeController#index as HTML
Rendered welcome/index.html within layouts/application (1.1ms)
Completed 200 OK in 2ms (Views: 1.9ms | ActiveRecord: 0.0ms)


Started GET "/stylesheets/images/wallpaper.jpg" for 127.0.0.1 at 2011-01-30 21:43:27 -0500

ActionController::RoutingError (No route matches "/stylesheets/images/wallpaper.jpg"):
  

Rendered /home/bentley/.rvm/gems/ruby-1.9.2-p136@rails/gems/actionpack-3.0.3/lib/action_dispatch/middleware/templates/rescues/routing_error.erb within rescues/layout (1.3ms)


Started GET "/stylesheets/compiled/fonts/ptsans/PTSansBold.woff" for 127.0.0.1 at 2011-01-30 21:43:27 -0500

ActionController::RoutingError (No route matches "/stylesheets/compiled/fonts/ptsans/PTSansBold.woff"):
  

Rendered /home/bentley/.rvm/gems/ruby-1.9.2-p136@rails/gems/actionpack-3.0.3/lib/action_dispatch/middleware/templates/rescues/routing_error.erb within rescues/layout (5.7ms)


Started GET "/stylesheets/compiled/fonts/ptsans/PTSans.woff" for 127.0.0.1 at 2011-01-30 21:43:27 -0500

ActionController::RoutingError (No route matches "/stylesheets/compiled/fonts/ptsans/PTSans.woff"):
  

Rendered /home/bentley/.rvm/gems/ruby-1.9.2-p136@rails/gems/actionpack-3.0.3/lib/action_dispatch/middleware/templates/rescues/routing_error.erb within rescues/layout (1.2ms)


Started GET "/stylesheets/compiled/fonts/ptsans/PTSansBold.ttf" for 127.0.0.1 at 2011-01-30 21:43:27 -0500

ActionController::RoutingError (No route matches "/stylesheets/compiled/fonts/ptsans/PTSansBold.ttf"):
  

Rendered /home/bentley/.rvm/gems/ruby-1.9.2-p136@rails/gems/actionpack-3.0.3/lib/action_dispatch/middleware/templates/rescues/routing_error.erb within rescues/layout (1.5ms)


Started GET "/stylesheets/compiled/fonts/ptsans/PTSans.ttf" for 127.0.0.1 at 2011-01-30 21:43:27 -0500

ActionController::RoutingError (No route matches "/stylesheets/compiled/fonts/ptsans/PTSans.ttf"):
  

Rendered /home/bentley/.rvm/gems/ruby-1.9.2-p136@rails/gems/actionpack-3.0.3/lib/action_dispatch/middleware/templates/rescues/routing_error.erb within rescues/layout (1.1ms)


Started GET "/" for 127.0.0.1 at 2011-01-30 21:43:35 -0500
  Processing by WelcomeController#index as HTML
Rendered welcome/index.html within layouts/application (1.4ms)
Completed 200 OK in 2ms (Views: 2.1ms | ActiveRecord: 0.0ms)


Started GET "/stylesheets/images/wallpaper.jpg" for 127.0.0.1 at 2011-01-30 21:43:35 -0500

ActionController::RoutingError (No route matches "/stylesheets/images/wallpaper.jpg"):
  

Rendered /home/bentley/.rvm/gems/ruby-1.9.2-p136@rails/gems/actionpack-3.0.3/lib/action_dispatch/middleware/templates/rescues/routing_error.erb within rescues/layout (1.3ms)


Started GET "/stylesheets/compiled/fonts/ptsans/PTSans.woff" for 127.0.0.1 at 2011-01-30 21:43:35 -0500

ActionController::RoutingError (No route matches "/stylesheets/compiled/fonts/ptsans/PTSans.woff"):
  

Rendered /home/bentley/.rvm/gems/ruby-1.9.2-p136@rails/gems/actionpack-3.0.3/lib/action_dispatch/middleware/templates/rescues/routing_error.erb within rescues/layout (3.9ms)


Started GET "/stylesheets/compiled/fonts/ptsans/PTSansBold.woff" for 127.0.0.1 at 2011-01-30 21:43:35 -0500

ActionController::RoutingError (No route matches "/stylesheets/compiled/fonts/ptsans/PTSansBold.woff"):
  

Rendered /home/bentley/.rvm/gems/ruby-1.9.2-p136@rails/gems/actionpack-3.0.3/lib/action_dispatch/middleware/templates/rescues/routing_error.erb within rescues/layout (1.4ms)


Started GET "/stylesheets/compiled/fonts/ptsans/PTSans.ttf" for 127.0.0.1 at 2011-01-30 21:43:35 -0500

ActionController::RoutingError (No route matches "/stylesheets/compiled/fonts/ptsans/PTSans.ttf"):
  

Rendered /home/bentley/.rvm/gems/ruby-1.9.2-p136@rails/gems/actionpack-3.0.3/lib/action_dispatch/middleware/templates/rescues/routing_error.erb within rescues/layout (1.5ms)


Started GET "/stylesheets/compiled/fonts/ptsans/PTSansBold.ttf" for 127.0.0.1 at 2011-01-30 21:43:35 -0500

ActionController::RoutingError (No route matches "/stylesheets/compiled/fonts/ptsans/PTSansBold.ttf"):
  

Rendered /home/bentley/.rvm/gems/ruby-1.9.2-p136@rails/gems/actionpack-3.0.3/lib/action_dispatch/middleware/templates/rescues/routing_error.erb within rescues/layout (1.2ms)


Started GET "/" for 127.0.0.1 at 2011-01-30 21:44:07 -0500
  Processing by WelcomeController#index as HTML
Rendered welcome/index.html within layouts/application (1.0ms)
Completed 200 OK in 2ms (Views: 2.0ms | ActiveRecord: 0.0ms)


Started GET "/stylesheets/images/wallpaper.jpg" for 127.0.0.1 at 2011-01-30 21:44:07 -0500

ActionController::RoutingError (No route matches "/stylesheets/images/wallpaper.jpg"):
  

Rendered /home/bentley/.rvm/gems/ruby-1.9.2-p136@rails/gems/actionpack-3.0.3/lib/action_dispatch/middleware/templates/rescues/routing_error.erb within rescues/layout (1.3ms)


Started GET "/stylesheets/compiled/fonts/ptsans/PTSansBold.woff" for 127.0.0.1 at 2011-01-30 21:44:07 -0500

ActionController::RoutingError (No route matches "/stylesheets/compiled/fonts/ptsans/PTSansBold.woff"):
  

Rendered /home/bentley/.rvm/gems/ruby-1.9.2-p136@rails/gems/actionpack-3.0.3/lib/action_dispatch/middleware/templates/rescues/routing_error.erb within rescues/layout (1.2ms)


Started GET "/stylesheets/compiled/fonts/ptsans/PTSans.woff" for 127.0.0.1 at 2011-01-30 21:44:07 -0500

ActionController::RoutingError (No route matches "/stylesheets/compiled/fonts/ptsans/PTSans.woff"):
  

Rendered /home/bentley/.rvm/gems/ruby-1.9.2-p136@rails/gems/actionpack-3.0.3/lib/action_dispatch/middleware/templates/rescues/routing_error.erb within rescues/layout (1.1ms)


Started GET "/stylesheets/compiled/fonts/ptsans/PTSansBold.ttf" for 127.0.0.1 at 2011-01-30 21:44:07 -0500

ActionController::RoutingError (No route matches "/stylesheets/compiled/fonts/ptsans/PTSansBold.ttf"):
  

Rendered /home/bentley/.rvm/gems/ruby-1.9.2-p136@rails/gems/actionpack-3.0.3/lib/action_dispatch/middleware/templates/rescues/routing_error.erb within rescues/layout (1.3ms)


Started GET "/stylesheets/compiled/fonts/ptsans/PTSans.ttf" for 127.0.0.1 at 2011-01-30 21:44:07 -0500

ActionController::RoutingError (No route matches "/stylesheets/compiled/fonts/ptsans/PTSans.ttf"):
  

Rendered /home/bentley/.rvm/gems/ruby-1.9.2-p136@rails/gems/actionpack-3.0.3/lib/action_dispatch/middleware/templates/rescues/routing_error.erb within rescues/layout (1.1ms)


Started GET "/" for 127.0.0.1 at 2011-01-30 21:44:25 -0500
  Processing by WelcomeController#index as HTML
Rendered welcome/index.html within layouts/application (1.0ms)
Completed 200 OK in 2ms (Views: 2.2ms | ActiveRecord: 0.0ms)


Started GET "/stylesheets/images/wallpaper.jpg" for 127.0.0.1 at 2011-01-30 21:44:25 -0500

ActionController::RoutingError (No route matches "/stylesheets/images/wallpaper.jpg"):
  

Rendered /home/bentley/.rvm/gems/ruby-1.9.2-p136@rails/gems/actionpack-3.0.3/lib/action_dispatch/middleware/templates/rescues/routing_error.erb within rescues/layout (1.2ms)


Started GET "/stylesheets/compiled/fonts/ptsans/PTSans.woff" for 127.0.0.1 at 2011-01-30 21:44:25 -0500

ActionController::RoutingError (No route matches "/stylesheets/compiled/fonts/ptsans/PTSans.woff"):
  

Rendered /home/bentley/.rvm/gems/ruby-1.9.2-p136@rails/gems/actionpack-3.0.3/lib/action_dispatch/middleware/templates/rescues/routing_error.erb within rescues/layout (1.2ms)


Started GET "/stylesheets/compiled/fonts/ptsans/PTSansBold.woff" for 127.0.0.1 at 2011-01-30 21:44:25 -0500

ActionController::RoutingError (No route matches "/stylesheets/compiled/fonts/ptsans/PTSansBold.woff"):
  

Rendered /home/bentley/.rvm/gems/ruby-1.9.2-p136@rails/gems/actionpack-3.0.3/lib/action_dispatch/middleware/templates/rescues/routing_error.erb within rescues/layout (1.3ms)


Started GET "/stylesheets/compiled/fonts/ptsans/PTSans.ttf" for 127.0.0.1 at 2011-01-30 21:44:25 -0500

ActionController::RoutingError (No route matches "/stylesheets/compiled/fonts/ptsans/PTSans.ttf"):
  

Rendered /home/bentley/.rvm/gems/ruby-1.9.2-p136@rails/gems/actionpack-3.0.3/lib/action_dispatch/middleware/templates/rescues/routing_error.erb within rescues/layout (42.5ms)


Started GET "/stylesheets/compiled/fonts/ptsans/PTSansBold.ttf" for 127.0.0.1 at 2011-01-30 21:44:25 -0500

ActionController::RoutingError (No route matches "/stylesheets/compiled/fonts/ptsans/PTSansBold.ttf"):
  

Rendered /home/bentley/.rvm/gems/ruby-1.9.2-p136@rails/gems/actionpack-3.0.3/lib/action_dispatch/middleware/templates/rescues/routing_error.erb within rescues/layout (1.4ms)


Started GET "/fonts" for 127.0.0.1 at 2011-01-30 21:52:38 -0500

ActionController::RoutingError (No route matches "/fonts"):
  

Rendered /home/bentley/.rvm/gems/ruby-1.9.2-p136@rails/gems/actionpack-3.0.3/lib/action_dispatch/middleware/templates/rescues/routing_error.erb within rescues/layout (1.2ms)


Started GET "/" for 127.0.0.1 at 2011-01-30 21:52:42 -0500
  Processing by WelcomeController#index as HTML
Rendered welcome/index.html within layouts/application (11.7ms)
Completed 200 OK in 16ms (Views: 15.5ms | ActiveRecord: 0.0ms)


Started GET "/stylesheets/images/wallpaper.jpg" for 127.0.0.1 at 2011-01-30 21:52:42 -0500

ActionController::RoutingError (No route matches "/stylesheets/images/wallpaper.jpg"):
  

Rendered /home/bentley/.rvm/gems/ruby-1.9.2-p136@rails/gems/actionpack-3.0.3/lib/action_dispatch/middleware/templates/rescues/routing_error.erb within rescues/layout (1.2ms)


Started GET "/stylesheets/compiled/fonts/ptsans/PTSans.woff" for 127.0.0.1 at 2011-01-30 21:52:42 -0500

ActionController::RoutingError (No route matches "/stylesheets/compiled/fonts/ptsans/PTSans.woff"):
  

Rendered /home/bentley/.rvm/gems/ruby-1.9.2-p136@rails/gems/actionpack-3.0.3/lib/action_dispatch/middleware/templates/rescues/routing_error.erb within rescues/layout (1.3ms)


Started GET "/stylesheets/compiled/fonts/ptsans/PTSansBold.woff" for 127.0.0.1 at 2011-01-30 21:52:42 -0500

ActionController::RoutingError (No route matches "/stylesheets/compiled/fonts/ptsans/PTSansBold.woff"):
  

Rendered /home/bentley/.rvm/gems/ruby-1.9.2-p136@rails/gems/actionpack-3.0.3/lib/action_dispatch/middleware/templates/rescues/routing_error.erb within rescues/layout (1.3ms)


Started GET "/stylesheets/compiled/fonts/ptsans/PTSans.ttf" for 127.0.0.1 at 2011-01-30 21:52:42 -0500

ActionController::RoutingError (No route matches "/stylesheets/compiled/fonts/ptsans/PTSans.ttf"):
  

Rendered /home/bentley/.rvm/gems/ruby-1.9.2-p136@rails/gems/actionpack-3.0.3/lib/action_dispatch/middleware/templates/rescues/routing_error.erb within rescues/layout (1.3ms)


Started GET "/stylesheets/compiled/fonts/ptsans/PTSansBold.ttf" for 127.0.0.1 at 2011-01-30 21:52:42 -0500

ActionController::RoutingError (No route matches "/stylesheets/compiled/fonts/ptsans/PTSansBold.ttf"):
  

Rendered /home/bentley/.rvm/gems/ruby-1.9.2-p136@rails/gems/actionpack-3.0.3/lib/action_dispatch/middleware/templates/rescues/routing_error.erb within rescues/layout (1.2ms)


Started GET "/" for 127.0.0.1 at 2011-01-30 22:20:58 -0500
  Processing by WelcomeController#index as HTML
Rendered welcome/index.html within layouts/application (43.3ms)
Completed 200 OK in 47ms (Views: 46.7ms | ActiveRecord: 0.0ms)


Started GET "/stylesheets/images/wallpaper.jpg" for 127.0.0.1 at 2011-01-30 22:20:58 -0500

ActionController::RoutingError (No route matches "/stylesheets/images/wallpaper.jpg"):
  

Rendered /home/bentley/.rvm/gems/ruby-1.9.2-p136@rails/gems/actionpack-3.0.3/lib/action_dispatch/middleware/templates/rescues/routing_error.erb within rescues/layout (1.5ms)


Started GET "/stylesheets/compiled/fonts/ptsans/PTSans.woff" for 127.0.0.1 at 2011-01-30 22:20:58 -0500

ActionController::RoutingError (No route matches "/stylesheets/compiled/fonts/ptsans/PTSans.woff"):
  

Rendered /home/bentley/.rvm/gems/ruby-1.9.2-p136@rails/gems/actionpack-3.0.3/lib/action_dispatch/middleware/templates/rescues/routing_error.erb within rescues/layout (1.2ms)


Started GET "/stylesheets/compiled/fonts/ptsans/PTSansBold.woff" for 127.0.0.1 at 2011-01-30 22:20:58 -0500

ActionController::RoutingError (No route matches "/stylesheets/compiled/fonts/ptsans/PTSansBold.woff"):
  

Rendered /home/bentley/.rvm/gems/ruby-1.9.2-p136@rails/gems/actionpack-3.0.3/lib/action_dispatch/middleware/templates/rescues/routing_error.erb within rescues/layout (1.2ms)


Started GET "/stylesheets/compiled/fonts/ptsans/PTSans.ttf" for 127.0.0.1 at 2011-01-30 22:20:59 -0500

ActionController::RoutingError (No route matches "/stylesheets/compiled/fonts/ptsans/PTSans.ttf"):
  

Rendered /home/bentley/.rvm/gems/ruby-1.9.2-p136@rails/gems/actionpack-3.0.3/lib/action_dispatch/middleware/templates/rescues/routing_error.erb within rescues/layout (1.5ms)


Started GET "/stylesheets/compiled/fonts/ptsans/PTSansBold.ttf" for 127.0.0.1 at 2011-01-30 22:20:59 -0500

ActionController::RoutingError (No route matches "/stylesheets/compiled/fonts/ptsans/PTSansBold.ttf"):
  

Rendered /home/bentley/.rvm/gems/ruby-1.9.2-p136@rails/gems/actionpack-3.0.3/lib/action_dispatch/middleware/templates/rescues/routing_error.erb within rescues/layout (2.4ms)


Started GET "/" for 127.0.0.1 at 2011-01-30 22:22:04 -0500
  Processing by WelcomeController#index as HTML
Rendered welcome/index.html within layouts/application (10.7ms)
Completed 200 OK in 15ms (Views: 14.3ms | ActiveRecord: 0.0ms)


Started GET "/stylesheets/images/wallpaper.jpg" for 127.0.0.1 at 2011-01-30 22:22:05 -0500

ActionController::RoutingError (No route matches "/stylesheets/images/wallpaper.jpg"):
  

Rendered /home/bentley/.rvm/gems/ruby-1.9.2-p136@rails/gems/actionpack-3.0.3/lib/action_dispatch/middleware/templates/rescues/routing_error.erb within rescues/layout (1.4ms)


Started GET "/stylesheets/compiled/fonts/ptsans/PTSansBold.woff" for 127.0.0.1 at 2011-01-30 22:22:05 -0500

ActionController::RoutingError (No route matches "/stylesheets/compiled/fonts/ptsans/PTSansBold.woff"):
  

Rendered /home/bentley/.rvm/gems/ruby-1.9.2-p136@rails/gems/actionpack-3.0.3/lib/action_dispatch/middleware/templates/rescues/routing_error.erb within rescues/layout (1.3ms)


Started GET "/stylesheets/compiled/fonts/ptsans/PTSans.woff" for 127.0.0.1 at 2011-01-30 22:22:05 -0500

ActionController::RoutingError (No route matches "/stylesheets/compiled/fonts/ptsans/PTSans.woff"):
  

Rendered /home/bentley/.rvm/gems/ruby-1.9.2-p136@rails/gems/actionpack-3.0.3/lib/action_dispatch/middleware/templates/rescues/routing_error.erb within rescues/layout (2.4ms)


Started GET "/stylesheets/compiled/fonts/ptsans/PTSansBold.ttf" for 127.0.0.1 at 2011-01-30 22:22:05 -0500

ActionController::RoutingError (No route matches "/stylesheets/compiled/fonts/ptsans/PTSansBold.ttf"):
  

Rendered /home/bentley/.rvm/gems/ruby-1.9.2-p136@rails/gems/actionpack-3.0.3/lib/action_dispatch/middleware/templates/rescues/routing_error.erb within rescues/layout (1.2ms)


Started GET "/stylesheets/compiled/fonts/ptsans/PTSans.ttf" for 127.0.0.1 at 2011-01-30 22:22:05 -0500

ActionController::RoutingError (No route matches "/stylesheets/compiled/fonts/ptsans/PTSans.ttf"):
  

Rendered /home/bentley/.rvm/gems/ruby-1.9.2-p136@rails/gems/actionpack-3.0.3/lib/action_dispatch/middleware/templates/rescues/routing_error.erb within rescues/layout (1.3ms)


Started GET "/" for 127.0.0.1 at 2011-01-30 22:22:33 -0500
  Processing by WelcomeController#index as HTML
Rendered welcome/index.html within layouts/application (1.0ms)
Completed 200 OK in 2ms (Views: 1.8ms | ActiveRecord: 0.0ms)


Started GET "/stylesheets/images/wallpaper.jpg" for 127.0.0.1 at 2011-01-30 22:22:33 -0500

ActionController::RoutingError (No route matches "/stylesheets/images/wallpaper.jpg"):
  

Rendered /home/bentley/.rvm/gems/ruby-1.9.2-p136@rails/gems/actionpack-3.0.3/lib/action_dispatch/middleware/templates/rescues/routing_error.erb within rescues/layout (1.3ms)


Started GET "/stylesheets/compiled/fonts/ptsans/PTSans.woff" for 127.0.0.1 at 2011-01-30 22:22:33 -0500

ActionController::RoutingError (No route matches "/stylesheets/compiled/fonts/ptsans/PTSans.woff"):
  

Rendered /home/bentley/.rvm/gems/ruby-1.9.2-p136@rails/gems/actionpack-3.0.3/lib/action_dispatch/middleware/templates/rescues/routing_error.erb within rescues/layout (1.2ms)


Started GET "/stylesheets/compiled/fonts/ptsans/PTSansBold.woff" for 127.0.0.1 at 2011-01-30 22:22:33 -0500

ActionController::RoutingError (No route matches "/stylesheets/compiled/fonts/ptsans/PTSansBold.woff"):
  

Rendered /home/bentley/.rvm/gems/ruby-1.9.2-p136@rails/gems/actionpack-3.0.3/lib/action_dispatch/middleware/templates/rescues/routing_error.erb within rescues/layout (1.3ms)


Started GET "/stylesheets/compiled/fonts/ptsans/PTSans.ttf" for 127.0.0.1 at 2011-01-30 22:22:33 -0500

ActionController::RoutingError (No route matches "/stylesheets/compiled/fonts/ptsans/PTSans.ttf"):
  

Rendered /home/bentley/.rvm/gems/ruby-1.9.2-p136@rails/gems/actionpack-3.0.3/lib/action_dispatch/middleware/templates/rescues/routing_error.erb within rescues/layout (3.4ms)


Started GET "/stylesheets/compiled/fonts/ptsans/PTSansBold.ttf" for 127.0.0.1 at 2011-01-30 22:22:33 -0500

ActionController::RoutingError (No route matches "/stylesheets/compiled/fonts/ptsans/PTSansBold.ttf"):
  

Rendered /home/bentley/.rvm/gems/ruby-1.9.2-p136@rails/gems/actionpack-3.0.3/lib/action_dispatch/middleware/templates/rescues/routing_error.erb within rescues/layout (5.5ms)


Started GET "/" for 127.0.0.1 at 2011-01-30 22:23:11 -0500
  Processing by WelcomeController#index as HTML
Rendered welcome/index.html within layouts/application (11.0ms)
Completed 200 OK in 15ms (Views: 14.4ms | ActiveRecord: 0.0ms)


Started GET "/stylesheets/images/wallpaper.jpg" for 127.0.0.1 at 2011-01-30 22:23:12 -0500

ActionController::RoutingError (No route matches "/stylesheets/images/wallpaper.jpg"):
  

Rendered /home/bentley/.rvm/gems/ruby-1.9.2-p136@rails/gems/actionpack-3.0.3/lib/action_dispatch/middleware/templates/rescues/routing_error.erb within rescues/layout (1.2ms)


Started GET "/stylesheets/compiled/fonts/ptsans/PTSans.woff" for 127.0.0.1 at 2011-01-30 22:23:12 -0500

ActionController::RoutingError (No route matches "/stylesheets/compiled/fonts/ptsans/PTSans.woff"):
  

Rendered /home/bentley/.rvm/gems/ruby-1.9.2-p136@rails/gems/actionpack-3.0.3/lib/action_dispatch/middleware/templates/rescues/routing_error.erb within rescues/layout (1.3ms)


Started GET "/stylesheets/compiled/fonts/ptsans/PTSansBold.woff" for 127.0.0.1 at 2011-01-30 22:23:12 -0500

ActionController::RoutingError (No route matches "/stylesheets/compiled/fonts/ptsans/PTSansBold.woff"):
  

Rendered /home/bentley/.rvm/gems/ruby-1.9.2-p136@rails/gems/actionpack-3.0.3/lib/action_dispatch/middleware/templates/rescues/routing_error.erb within rescues/layout (44.0ms)


Started GET "/stylesheets/compiled/fonts/ptsans/PTSans.ttf" for 127.0.0.1 at 2011-01-30 22:23:12 -0500

ActionController::RoutingError (No route matches "/stylesheets/compiled/fonts/ptsans/PTSans.ttf"):
  

Rendered /home/bentley/.rvm/gems/ruby-1.9.2-p136@rails/gems/actionpack-3.0.3/lib/action_dispatch/middleware/templates/rescues/routing_error.erb within rescues/layout (1.3ms)


Started GET "/stylesheets/compiled/fonts/ptsans/PTSansBold.ttf" for 127.0.0.1 at 2011-01-30 22:23:12 -0500

ActionController::RoutingError (No route matches "/stylesheets/compiled/fonts/ptsans/PTSansBold.ttf"):
  

Rendered /home/bentley/.rvm/gems/ruby-1.9.2-p136@rails/gems/actionpack-3.0.3/lib/action_dispatch/middleware/templates/rescues/routing_error.erb within rescues/layout (1.5ms)


Started GET "/" for 127.0.0.1 at 2011-01-30 22:23:54 -0500
  Processing by WelcomeController#index as HTML
Rendered welcome/index.html within layouts/application (1.4ms)
Completed 200 OK in 3ms (Views: 2.8ms | ActiveRecord: 0.0ms)


Started GET "/assets/common-datauri.css" for 127.0.0.1 at 2011-01-30 22:23:54 -0500
  Processing by Jammit::Controller#package as HTML
  Parameters: {"package"=>"common-datauri", "extension"=>"css"}
Completed   in 274ms

YUI::Compressor::RuntimeError (compression failed):
  

Rendered /home/bentley/.rvm/gems/ruby-1.9.2-p136@rails/gems/actionpack-3.0.3/lib/action_dispatch/middleware/templates/rescues/_trace.erb (1.8ms)
Rendered /home/bentley/.rvm/gems/ruby-1.9.2-p136@rails/gems/actionpack-3.0.3/lib/action_dispatch/middleware/templates/rescues/_request_and_response.erb (3.5ms)
Rendered /home/bentley/.rvm/gems/ruby-1.9.2-p136@rails/gems/actionpack-3.0.3/lib/action_dispatch/middleware/templates/rescues/diagnostics.erb within rescues/layout (10.0ms)


Started GET "/" for 127.0.0.1 at 2011-01-30 22:24:48 -0500
  Processing by WelcomeController#index as HTML
Rendered welcome/index.html within layouts/application (11.3ms)
Completed 200 OK in 15ms (Views: 14.8ms | ActiveRecord: 0.0ms)


Started GET "/assets/common-datauri.css" for 127.0.0.1 at 2011-01-30 22:24:49 -0500
  Processing by Jammit::Controller#package as HTML
  Parameters: {"package"=>"common-datauri", "extension"=>"css"}
Completed   in 315ms

YUI::Compressor::RuntimeError (compression failed):
  

Rendered /home/bentley/.rvm/gems/ruby-1.9.2-p136@rails/gems/actionpack-3.0.3/lib/action_dispatch/middleware/templates/rescues/_trace.erb (1.5ms)
Rendered /home/bentley/.rvm/gems/ruby-1.9.2-p136@rails/gems/actionpack-3.0.3/lib/action_dispatch/middleware/templates/rescues/_request_and_response.erb (3.1ms)
Rendered /home/bentley/.rvm/gems/ruby-1.9.2-p136@rails/gems/actionpack-3.0.3/lib/action_dispatch/middleware/templates/rescues/diagnostics.erb within rescues/layout (9.0ms)


Started GET "/" for 127.0.0.1 at 2011-01-30 22:26:34 -0500
  Processing by WelcomeController#index as HTML
Rendered welcome/index.html within layouts/application (11.0ms)
Completed 200 OK in 15ms (Views: 14.5ms | ActiveRecord: 0.0ms)


Started GET "/" for 127.0.0.1 at 2011-01-30 22:26:38 -0500
  Processing by WelcomeController#index as HTML
Rendered welcome/index.html within layouts/application (1.1ms)
Completed 200 OK in 3ms (Views: 3.1ms | ActiveRecord: 0.0ms)
